-------------------------------------------------------------------------------
Test set: com.example.CourierCreateRequestValidationTest
-------------------------------------------------------------------------------
Tests run: 9, Failures: 9, Errors: 0, Skipped: 0, Time elapsed: 8.009 s <<< FAILURE! - in com.example.CourierCreateRequestValidationTest
invalidRequestIsNotAllowed1[0](com.example.CourierCreateRequestValidationTest)  Time elapsed: 4.403 s  <<< FAILURE!
java.lang.AssertionError: Courier is not created
	at com.example.CourierCreateRequestValidationTest.invalidRequestIsNotAllowed1(CourierCreateRequestValidationTest.java:45)

invalidRequestIsNotAllowed2[0](com.example.CourierCreateRequestValidationTest)  Time elapsed: 0.455 s  <<< FAILURE!
java.lang.AssertionError: Courier is not created
	at com.example.CourierCreateRequestValidationTest.invalidRequestIsNotAllowed2(CourierCreateRequestValidationTest.java:59)

invalidRequestIsNotAllowed3[0](com.example.CourierCreateRequestValidationTest)  Time elapsed: 0.37 s  <<< FAILURE!
java.lang.AssertionError: Courier is not created
	at com.example.CourierCreateRequestValidationTest.invalidRequestIsNotAllowed3(CourierCreateRequestValidationTest.java:73)

invalidRequestIsNotAllowed1[1](com.example.CourierCreateRequestValidationTest)  Time elapsed: 0.425 s  <<< FAILURE!
java.lang.AssertionError: Courier is not created
	at com.example.CourierCreateRequestValidationTest.invalidRequestIsNotAllowed1(CourierCreateRequestValidationTest.java:45)

invalidRequestIsNotAllowed2[1](com.example.CourierCreateRequestValidationTest)  Time elapsed: 0.413 s  <<< FAILURE!
java.lang.AssertionError: Courier is not created
	at com.example.CourierCreateRequestValidationTest.invalidRequestIsNotAllowed2(CourierCreateRequestValidationTest.java:59)

invalidRequestIsNotAllowed3[1](com.example.CourierCreateRequestValidationTest)  Time elapsed: 0.49 s  <<< FAILURE!
java.lang.AssertionError: Courier is not created
	at com.example.CourierCreateRequestValidationTest.invalidRequestIsNotAllowed3(CourierCreateRequestValidationTest.java:73)

invalidRequestIsNotAllowed1[2](com.example.CourierCreateRequestValidationTest)  Time elapsed: 0.363 s  <<< FAILURE!
java.lang.AssertionError: Courier is not created
	at com.example.CourierCreateRequestValidationTest.invalidRequestIsNotAllowed1(CourierCreateRequestValidationTest.java:45)

invalidRequestIsNotAllowed2[2](com.example.CourierCreateRequestValidationTest)  Time elapsed: 0.404 s  <<< FAILURE!
java.lang.AssertionError: Courier is not created
	at com.example.CourierCreateRequestValidationTest.invalidRequestIsNotAllowed2(CourierCreateRequestValidationTest.java:59)

invalidRequestIsNotAllowed3[2](com.example.CourierCreateRequestValidationTest)  Time elapsed: 0.375 s  <<< FAILURE!
java.lang.AssertionError: Courier is not created
	at com.example.CourierCreateRequestValidationTest.invalidRequestIsNotAllowed3(CourierCreateRequestValidationTest.java:73)

